<?xml version="1.0" encoding="UTF-8"?>
<!-- Generated by org.testng.reporters.JUnitXMLReporter -->
<testsuite hostname="A2ML29334" ignored="0" name="Default test" tests="3" failures="0" timestamp="09 May 2019 14:31:48 GMT" time="0.042" errors="0">
  <testcase name="test1" time="0.006" classname="com.practice.NewTest"/>
  <testcase name="test2" time="0.001" classname="com.practice.NewTest"/>
  <testcase name="test3" time="0.002" classname="com.practice.NewTest"/>
</testsuite> <!-- Default test -->
