<?xml version="1.0" encoding="UTF-8"?>
<!-- Generated by org.testng.reporters.JUnitXMLReporter -->
<testsuite hostname="A2ML29334" ignored="1" name="firefoxTest" tests="2" failures="0" timestamp="16 May 2019 12:30:56 GMT" time="6.659" errors="0">
  <testcase name="testTitleOfPage" time="0.424" classname="tests.HomePage"/>
  <testcase name="testOpenAccountWorking" time="2.469" classname="tests.HomePage"/>
  <testcase name="testRegisterUser" time="0.0" classname="tests.RegisterPageTests">
    <ignored/>
  </testcase> <!-- testRegisterUser -->
</testsuite> <!-- firefoxTest -->
