<?xml version="1.0" encoding="UTF-8"?>
<testng-results skipped="0" failed="0" ignored="2" total="4" passed="2">
  <reporter-output>
  </reporter-output>
  <suite name="Suite" duration-ms="39358" started-at="2018-06-07T20:30:33Z" finished-at="2018-06-07T20:31:12Z">
    <groups>
    </groups>
    <test name="DemoautTest" duration-ms="39358" started-at="2018-06-07T20:30:33Z" finished-at="2018-06-07T20:31:12Z">
      <class name="project.test.ValidateFlightBookingsTest">
        <test-method status="PASS" signature="openBrowser()[pri:0, instance:project.test.ValidateFlightBookingsTest@25bbf683]" name="openBrowser" is-config="true" duration-ms="8376" started-at="2018-06-07T20:30:34Z" finished-at="2018-06-07T20:30:42Z">
          <reporter-output>
          </reporter-output>
        </test-method> <!-- openBrowser -->
        <test-method status="PASS" signature="testFlightBookings()[pri:0, instance:project.test.ValidateFlightBookingsTest@25bbf683]" name="testFlightBookings" duration-ms="19066" started-at="2018-06-07T20:30:42Z" finished-at="2018-06-07T20:31:01Z">
          <reporter-output>
          </reporter-output>
        </test-method> <!-- testFlightBookings -->
        <test-method status="PASS" signature="closeBrowser()[pri:0, instance:project.test.ValidateFlightBookingsTest@25bbf683]" name="closeBrowser" is-config="true" duration-ms="231" started-at="2018-06-07T20:31:01Z" finished-at="2018-06-07T20:31:01Z">
          <reporter-output>
          </reporter-output>
        </test-method> <!-- closeBrowser -->
      </class> <!-- project.test.ValidateFlightBookingsTest -->
      <class name="project.test.BaseTest">
        <test-method status="PASS" signature="tearDown()[pri:0, instance:project.test.BaseTest@2e3fc542]" name="tearDown" is-config="true" duration-ms="12728" started-at="2018-06-07T20:31:13Z" finished-at="2018-06-07T20:31:25Z">
          <reporter-output>
          </reporter-output>
        </test-method> <!-- tearDown -->
      </class> <!-- project.test.BaseTest -->
      <class name="project.test.ValidateUserTest">
        <test-method status="PASS" signature="openBrowser()[pri:0, instance:project.test.ValidateUserTest@6ec8211c]" name="openBrowser" is-config="true" duration-ms="6252" started-at="2018-06-07T20:31:01Z" finished-at="2018-06-07T20:31:08Z">
          <reporter-output>
          </reporter-output>
        </test-method> <!-- openBrowser -->
        <test-method status="PASS" signature="validateCredentialsTest()[pri:0, instance:project.test.ValidateUserTest@6ec8211c]" name="validateCredentialsTest" duration-ms="4531" started-at="2018-06-07T20:31:08Z" finished-at="2018-06-07T20:31:12Z">
          <reporter-output>
          </reporter-output>
        </test-method> <!-- validateCredentialsTest -->
        <test-method status="PASS" signature="closeBrowser()[pri:0, instance:project.test.ValidateUserTest@6ec8211c]" name="closeBrowser" is-config="true" duration-ms="252" started-at="2018-06-07T20:31:12Z" finished-at="2018-06-07T20:31:12Z">
          <reporter-output>
          </reporter-output>
        </test-method> <!-- closeBrowser -->
      </class> <!-- project.test.ValidateUserTest -->
    </test> <!-- DemoautTest -->
  </suite> <!-- Suite -->
</testng-results>
