<?xml version="1.0" encoding="UTF-8"?>
<testng-results skipped="0" failed="0" ignored="0" total="4" passed="4">
  <reporter-output>
  </reporter-output>
  <suite name="Suite" duration-ms="58" started-at="2019-05-13T01:36:22Z" finished-at="2019-05-13T01:36:22Z">
    <groups>
    </groups>
    <test name="Test" duration-ms="20" started-at="2019-05-13T01:36:22Z" finished-at="2019-05-13T01:36:22Z">
      <class name="first_test.TestNGSample">
        <test-method status="PASS" signature="setupBeforeTest()[pri:0, instance:first_test.TestNGSample@77f99a05]" name="setupBeforeTest" is-config="true" duration-ms="0" started-at="2019-05-13T01:36:22Z" finished-at="2019-05-13T01:36:22Z">
          <reporter-output>
          </reporter-output>
        </test-method> <!-- setupBeforeTest -->
        <test-method status="PASS" signature="setup()[pri:0, instance:first_test.TestNGSample@77f99a05]" name="setup" is-config="true" duration-ms="0" started-at="2019-05-13T01:36:22Z" finished-at="2019-05-13T01:36:22Z">
          <reporter-output>
          </reporter-output>
        </test-method> <!-- setup -->
        <test-method status="PASS" signature="test1()[pri:0, instance:first_test.TestNGSample@77f99a05]" name="test1" duration-ms="4" started-at="2019-05-13T01:36:22Z" finished-at="2019-05-13T01:36:22Z">
          <reporter-output>
          </reporter-output>
        </test-method> <!-- test1 -->
        <test-method status="PASS" signature="test2()[pri:0, instance:first_test.TestNGSample@77f99a05]" name="test2" duration-ms="1" started-at="2019-05-13T01:36:22Z" finished-at="2019-05-13T01:36:22Z">
          <reporter-output>
          </reporter-output>
        </test-method> <!-- test2 -->
        <test-method status="PASS" signature="cleanup()[pri:0, instance:first_test.TestNGSample@77f99a05]" name="cleanup" is-config="true" duration-ms="0" started-at="2019-05-13T01:36:22Z" finished-at="2019-05-13T01:36:22Z">
          <reporter-output>
          </reporter-output>
        </test-method> <!-- cleanup -->
        <test-method status="PASS" signature="cleanUpAfterTest()[pri:0, instance:first_test.TestNGSample@77f99a05]" name="cleanUpAfterTest" is-config="true" duration-ms="0" started-at="2019-05-13T01:36:22Z" finished-at="2019-05-13T01:36:22Z">
          <reporter-output>
          </reporter-output>
        </test-method> <!-- cleanUpAfterTest -->
      </class> <!-- first_test.TestNGSample -->
    </test> <!-- Test -->
    <test name="Test2" duration-ms="5" started-at="2019-05-13T01:36:22Z" finished-at="2019-05-13T01:36:22Z">
      <class name="first_test.TestNGSample2">
        <test-method status="PASS" signature="setupBeforeSuite()[pri:0, instance:first_test.TestNGSample2@8e24743]" name="setupBeforeSuite" is-config="true" duration-ms="8" started-at="2019-05-13T01:36:22Z" finished-at="2019-05-13T01:36:22Z">
          <reporter-output>
          </reporter-output>
        </test-method> <!-- setupBeforeSuite -->
        <test-method status="PASS" signature="setupBeforeTest()[pri:0, instance:first_test.TestNGSample2@8e24743]" name="setupBeforeTest" is-config="true" duration-ms="1" started-at="2019-05-13T01:36:22Z" finished-at="2019-05-13T01:36:22Z">
          <reporter-output>
          </reporter-output>
        </test-method> <!-- setupBeforeTest -->
        <test-method status="PASS" signature="test1()[pri:0, instance:first_test.TestNGSample2@8e24743]" name="test1" duration-ms="1" started-at="2019-05-13T01:36:22Z" finished-at="2019-05-13T01:36:22Z">
          <reporter-output>
          </reporter-output>
        </test-method> <!-- test1 -->
        <test-method status="PASS" signature="setup()[pri:0, instance:first_test.TestNGSample2@8e24743]" name="setup" is-config="true" duration-ms="0" started-at="2019-05-13T01:36:22Z" finished-at="2019-05-13T01:36:22Z">
          <reporter-output>
          </reporter-output>
        </test-method> <!-- setup -->
        <test-method status="PASS" signature="test2()[pri:0, instance:first_test.TestNGSample2@8e24743]" name="test2" duration-ms="1" started-at="2019-05-13T01:36:22Z" finished-at="2019-05-13T01:36:22Z">
          <reporter-output>
          </reporter-output>
        </test-method> <!-- test2 -->
        <test-method status="PASS" signature="cleanup()[pri:0, instance:first_test.TestNGSample2@8e24743]" name="cleanup" is-config="true" duration-ms="0" started-at="2019-05-13T01:36:22Z" finished-at="2019-05-13T01:36:22Z">
          <reporter-output>
          </reporter-output>
        </test-method> <!-- cleanup -->
        <test-method status="PASS" signature="cleanUpAfterTest()[pri:0, instance:first_test.TestNGSample2@8e24743]" name="cleanUpAfterTest" is-config="true" duration-ms="0" started-at="2019-05-13T01:36:22Z" finished-at="2019-05-13T01:36:22Z">
          <reporter-output>
          </reporter-output>
        </test-method> <!-- cleanUpAfterTest -->
        <test-method status="PASS" signature="cleanupAfterSuite()[pri:0, instance:first_test.TestNGSample2@8e24743]" name="cleanupAfterSuite" is-config="true" duration-ms="1" started-at="2019-05-13T01:36:22Z" finished-at="2019-05-13T01:36:22Z">
          <reporter-output>
          </reporter-output>
        </test-method> <!-- cleanupAfterSuite -->
      </class> <!-- first_test.TestNGSample2 -->
    </test> <!-- Test2 -->
  </suite> <!-- Suite -->
</testng-results>
