<?xml version="1.0" encoding="UTF-8"?>
<testng-results skipped="0" failed="0" ignored="0" total="1" passed="1">
  <reporter-output>
  </reporter-output>
  <suite name="Surefire suite" duration-ms="152" started-at="2018-06-02T14:29:40Z" finished-at="2018-06-02T14:29:40Z">
    <groups>
    </groups>
    <test name="Surefire test" duration-ms="152" started-at="2018-06-02T14:29:40Z" finished-at="2018-06-02T14:29:40Z">
      <class name="practice.assignment11.AppTest">
        <test-method status="PASS" signature="shouldAnswerWithTrue()" name="shouldAnswerWithTrue" duration-ms="61" started-at="2018-06-02T14:29:40Z" finished-at="2018-06-02T14:29:40Z">
          <reporter-output>
          </reporter-output>
        </test-method> <!-- shouldAnswerWithTrue -->
      </class> <!-- practice.assignment11.AppTest -->
    </test> <!-- Surefire test -->
  </suite> <!-- Surefire suite -->
</testng-results>
