<?xml version="1.0" encoding="UTF-8"?>
<!-- Generated by org.testng.reporters.JUnitXMLReporter -->
<testsuite hostname="A2ML12885" ignored="0" name="Default test" tests="3" failures="0" timestamp="30 May 2018 14:54:46 GMT" time="38.828" errors="0">
  <testcase name="testBookTicket" time="18.067" classname="assignment.module9.AssignmentModule9"/>
  <testcase name="testLaunchingDropbox" time="3.271" classname="assignment.module9.AssignmentModule9"/>
  <testcase name="testLaunchingDropbox" time="3.183" classname="assignment.module9.AssignmentModule9"/>
</testsuite> <!-- Default test -->
