<?xml version="1.0" encoding="UTF-8"?>
<!-- Generated by org.testng.reporters.JUnitXMLReporter -->
<testsuite hostname="A2ML29334" ignored="1" name="Default test" tests="1" failures="0" timestamp="14 Jul 2019 08:12:27 GMT" time="5.263" errors="0">
  <testcase name="searchCountriesWithIsoCode" time="4.813" classname="assignments.tests.Question1"/>
  <testcase name="searchCountriesWithCountryName" time="0.0" classname="assignments.tests.Question1">
    <ignored/>
  </testcase> <!-- searchCountriesWithCountryName -->
</testsuite> <!-- Default test -->
