<?xml version="1.0" encoding="UTF-8"?>
<testng-results skipped="0" failed="0" ignored="0" total="1" passed="1">
  <reporter-output>
  </reporter-output>
  <suite name="Default suite" duration-ms="29517" started-at="2019-05-10T14:38:21Z" finished-at="2019-05-10T14:38:51Z">
    <groups>
    </groups>
    <test name="Default test" duration-ms="29517" started-at="2019-05-10T14:38:21Z" finished-at="2019-05-10T14:38:51Z">
      <class name="project.test.ValidateFlightBookingsTest">
        <test-method status="PASS" signature="openBrowser()[pri:0, instance:project.test.ValidateFlightBookingsTest@c81cdd1]" name="openBrowser" is-config="true" duration-ms="7366" started-at="2019-05-10T14:38:21Z" finished-at="2019-05-10T14:38:29Z">
          <reporter-output>
          </reporter-output>
        </test-method> <!-- openBrowser -->
        <test-method status="PASS" signature="testFlightBookings()[pri:0, instance:project.test.ValidateFlightBookingsTest@c81cdd1]" name="testFlightBookings" duration-ms="21914" started-at="2019-05-10T14:38:29Z" finished-at="2019-05-10T14:38:51Z">
          <reporter-output>
          </reporter-output>
        </test-method> <!-- testFlightBookings -->
        <test-method status="PASS" signature="closeBrowser()[pri:0, instance:project.test.ValidateFlightBookingsTest@c81cdd1]" name="closeBrowser" is-config="true" duration-ms="201" started-at="2019-05-10T14:38:51Z" finished-at="2019-05-10T14:38:51Z">
          <reporter-output>
          </reporter-output>
        </test-method> <!-- closeBrowser -->
        <test-method status="PASS" signature="tearDown()[pri:0, instance:project.test.ValidateFlightBookingsTest@c81cdd1]" name="tearDown" is-config="true" duration-ms="10953" started-at="2019-05-10T14:38:51Z" finished-at="2019-05-10T14:39:02Z">
          <reporter-output>
          </reporter-output>
        </test-method> <!-- tearDown -->
      </class> <!-- project.test.ValidateFlightBookingsTest -->
    </test> <!-- Default test -->
  </suite> <!-- Default suite -->
</testng-results>
