<?xml version="1.0" encoding="UTF-8"?>
<testng-results skipped="0" failed="0" ignored="0" total="3" passed="3">
  <reporter-output>
  </reporter-output>
  <suite name="Suite" duration-ms="25" started-at="2019-05-09T16:43:29Z" finished-at="2019-05-09T16:43:29Z">
    <groups>
    </groups>
    <test name="Test" duration-ms="25" started-at="2019-05-09T16:43:29Z" finished-at="2019-05-09T16:43:29Z">
      <class name="com.practice.NewTest">
        <test-method status="PASS" signature="beforeSuite()[pri:0, instance:com.practice.NewTest@5034c75a]" name="beforeSuite" is-config="true" duration-ms="8" started-at="2019-05-09T16:43:29Z" finished-at="2019-05-09T16:43:29Z">
          <reporter-output>
          </reporter-output>
        </test-method> <!-- beforeSuite -->
        <test-method status="PASS" signature="beforeTest()[pri:0, instance:com.practice.NewTest@5034c75a]" name="beforeTest" is-config="true" duration-ms="0" started-at="2019-05-09T16:43:29Z" finished-at="2019-05-09T16:43:29Z">
          <reporter-output>
          </reporter-output>
        </test-method> <!-- beforeTest -->
        <test-method status="PASS" signature="beforeClass()[pri:0, instance:com.practice.NewTest@5034c75a]" name="beforeClass" is-config="true" duration-ms="0" started-at="2019-05-09T16:43:29Z" finished-at="2019-05-09T16:43:29Z">
          <reporter-output>
          </reporter-output>
        </test-method> <!-- beforeClass -->
        <test-method status="PASS" signature="beforeMethod()[pri:0, instance:com.practice.NewTest@5034c75a]" name="beforeMethod" is-config="true" duration-ms="0" started-at="2019-05-09T16:43:29Z" finished-at="2019-05-09T16:43:29Z">
          <reporter-output>
          </reporter-output>
        </test-method> <!-- beforeMethod -->
        <test-method status="PASS" signature="test1()[pri:0, instance:com.practice.NewTest@5034c75a]" name="test1" duration-ms="4" started-at="2019-05-09T16:43:29Z" finished-at="2019-05-09T16:43:29Z">
          <reporter-output>
          </reporter-output>
        </test-method> <!-- test1 -->
        <test-method status="PASS" signature="afterMethod()[pri:0, instance:com.practice.NewTest@5034c75a]" name="afterMethod" is-config="true" duration-ms="0" started-at="2019-05-09T16:43:29Z" finished-at="2019-05-09T16:43:29Z">
          <reporter-output>
          </reporter-output>
        </test-method> <!-- afterMethod -->
        <test-method status="PASS" signature="beforeMethod()[pri:0, instance:com.practice.NewTest@5034c75a]" name="beforeMethod" is-config="true" duration-ms="0" started-at="2019-05-09T16:43:29Z" finished-at="2019-05-09T16:43:29Z">
          <reporter-output>
          </reporter-output>
        </test-method> <!-- beforeMethod -->
        <test-method status="PASS" signature="test2()[pri:0, instance:com.practice.NewTest@5034c75a]" name="test2" duration-ms="1" started-at="2019-05-09T16:43:29Z" finished-at="2019-05-09T16:43:29Z">
          <reporter-output>
          </reporter-output>
        </test-method> <!-- test2 -->
        <test-method status="PASS" signature="beforeMethod()[pri:0, instance:com.practice.NewTest@5034c75a]" name="beforeMethod" is-config="true" duration-ms="1" started-at="2019-05-09T16:43:29Z" finished-at="2019-05-09T16:43:29Z">
          <reporter-output>
          </reporter-output>
        </test-method> <!-- beforeMethod -->
        <test-method status="PASS" signature="afterMethod()[pri:0, instance:com.practice.NewTest@5034c75a]" name="afterMethod" is-config="true" duration-ms="0" started-at="2019-05-09T16:43:29Z" finished-at="2019-05-09T16:43:29Z">
          <reporter-output>
          </reporter-output>
        </test-method> <!-- afterMethod -->
        <test-method status="PASS" signature="test3()[pri:0, instance:com.practice.NewTest@5034c75a]" name="test3" duration-ms="1" started-at="2019-05-09T16:43:29Z" finished-at="2019-05-09T16:43:29Z">
          <reporter-output>
          </reporter-output>
        </test-method> <!-- test3 -->
        <test-method status="PASS" signature="afterMethod()[pri:0, instance:com.practice.NewTest@5034c75a]" name="afterMethod" is-config="true" duration-ms="0" started-at="2019-05-09T16:43:29Z" finished-at="2019-05-09T16:43:29Z">
          <reporter-output>
          </reporter-output>
        </test-method> <!-- afterMethod -->
        <test-method status="PASS" signature="afterClass()[pri:0, instance:com.practice.NewTest@5034c75a]" name="afterClass" is-config="true" duration-ms="0" started-at="2019-05-09T16:43:29Z" finished-at="2019-05-09T16:43:29Z">
          <reporter-output>
          </reporter-output>
        </test-method> <!-- afterClass -->
        <test-method status="PASS" signature="afterTest()[pri:0, instance:com.practice.NewTest@5034c75a]" name="afterTest" is-config="true" duration-ms="0" started-at="2019-05-09T16:43:29Z" finished-at="2019-05-09T16:43:29Z">
          <reporter-output>
          </reporter-output>
        </test-method> <!-- afterTest -->
        <test-method status="PASS" signature="afterSuite()[pri:0, instance:com.practice.NewTest@5034c75a]" name="afterSuite" is-config="true" duration-ms="0" started-at="2019-05-09T16:43:29Z" finished-at="2019-05-09T16:43:29Z">
          <reporter-output>
          </reporter-output>
        </test-method> <!-- afterSuite -->
      </class> <!-- com.practice.NewTest -->
    </test> <!-- Test -->
  </suite> <!-- Suite -->
</testng-results>
