<?xml version="1.0" encoding="UTF-8"?>
<testng-results skipped="0" failed="0" ignored="0" total="3" passed="3">
  <reporter-output>
  </reporter-output>
  <suite name="Suite" duration-ms="9275" started-at="2019-07-14T09:17:04Z" finished-at="2019-07-14T09:17:14Z">
    <groups>
    </groups>
    <test name="Test1" duration-ms="7282" started-at="2019-07-14T09:17:04Z" finished-at="2019-07-14T09:17:12Z">
      <class name="assignments.tests.Question1">
        <test-method status="PASS" signature="setup()[pri:0, instance:assignments.tests.Question1@1060b431]" name="setup" is-config="true" duration-ms="473" started-at="2019-07-14T14:47:04Z" finished-at="2019-07-14T14:47:05Z">
          <reporter-output>
          </reporter-output>
        </test-method> <!-- setup -->
        <test-method status="PASS" signature="searchCountriesWithCountryName()[pri:0, instance:assignments.tests.Question1@1060b431]" name="searchCountriesWithCountryName" duration-ms="4633" started-at="2019-07-14T14:47:05Z" finished-at="2019-07-14T14:47:09Z">
          <reporter-output>
          </reporter-output>
        </test-method> <!-- searchCountriesWithCountryName -->
        <test-method status="PASS" signature="searchCountriesWithIsoCode()[pri:0, instance:assignments.tests.Question1@1060b431]" name="searchCountriesWithIsoCode" duration-ms="2162" started-at="2019-07-14T14:47:09Z" finished-at="2019-07-14T14:47:12Z">
          <reporter-output>
          </reporter-output>
        </test-method> <!-- searchCountriesWithIsoCode -->
      </class> <!-- assignments.tests.Question1 -->
    </test> <!-- Test1 -->
    <test name="Test2" duration-ms="1977" started-at="2019-07-14T09:17:12Z" finished-at="2019-07-14T09:17:14Z">
      <class name="assignments.tests.Question2">
        <test-method status="PASS" signature="setup()[pri:0, instance:assignments.tests.Question2@28ac3dc3]" name="setup" is-config="true" duration-ms="0" started-at="2019-07-14T14:47:12Z" finished-at="2019-07-14T14:47:12Z">
          <reporter-output>
          </reporter-output>
        </test-method> <!-- setup -->
        <test-method status="PASS" signature="searchCurrencyOfCountry()[pri:0, instance:assignments.tests.Question2@28ac3dc3]" name="searchCurrencyOfCountry" duration-ms="1974" started-at="2019-07-14T14:47:12Z" finished-at="2019-07-14T14:47:14Z">
          <reporter-output>
          </reporter-output>
        </test-method> <!-- searchCurrencyOfCountry -->
      </class> <!-- assignments.tests.Question2 -->
    </test> <!-- Test2 -->
  </suite> <!-- Suite -->
</testng-results>
