<?xml version="1.0" encoding="UTF-8"?>
<!-- Generated by org.testng.reporters.JUnitXMLReporter -->
<testsuite hostname="A2ML12885" ignored="2" name="DemoautTest" tests="2" failures="0" timestamp="07 Jun 2018 20:31:12 GMT" time="39.358" errors="0">
  <testcase name="testFlightBookings" time="19.066" classname="project.test.ValidateFlightBookingsTest"/>
  <testcase name="validateCredentialsTest" time="4.531" classname="project.test.ValidateUserTest"/>
  <testcase name="@AfterSuite tearDown" time="0.0" classname="project.test.BaseTest">
    <ignored/>
  </testcase> <!-- @AfterSuite tearDown -->
  <testcase name="@AfterSuite tearDown" time="0.0" classname="project.test.BaseTest">
    <ignored/>
  </testcase> <!-- @AfterSuite tearDown -->
</testsuite> <!-- DemoautTest -->
